<?xml version="1.0" encoding="UTF-8"?>
<testng-results ignored="0" total="3" passed="3" failed="0" skipped="0">
  <reporter-output>
    <line>
      <![CDATA[hieeeeee]]>
    </line>
    <line>
      <![CDATA[m2 running]]>
    </line>
    <line>
      <![CDATA[hello]]>
    </line>
  </reporter-output>
  <suite started-at="2023-01-10T12:31:06 IST" name="Suite" finished-at="2023-01-10T12:31:06 IST" duration-ms="56">
    <groups>
    </groups>
    <test started-at="2023-01-10T12:31:06 IST" name="Test" finished-at="2023-01-10T12:31:06 IST" duration-ms="56">
      <class name="JenkinsDemo.DemoTest3">
        <test-method signature="m3()[pri:0, instance:JenkinsDemo.DemoTest3@1cbb87f3]" started-at="2023-01-10T12:31:06 IST" name="m3" finished-at="2023-01-10T12:31:06 IST" duration-ms="6" status="PASS">
          <reporter-output>
            <line>
              <![CDATA[hieeeeee]]>
            </line>
          </reporter-output>
        </test-method> <!-- m3 -->
      </class> <!-- JenkinsDemo.DemoTest3 -->
      <class name="JenkinsDemo.DemoTest2">
        <test-method signature="m2()[pri:0, instance:JenkinsDemo.DemoTest2@2df9b86]" started-at="2023-01-10T12:31:06 IST" name="m2" finished-at="2023-01-10T12:31:06 IST" duration-ms="1" status="PASS">
          <reporter-output>
            <line>
              <![CDATA[m2 running]]>
            </line>
          </reporter-output>
        </test-method> <!-- m2 -->
      </class> <!-- JenkinsDemo.DemoTest2 -->
      <class name="JenkinsDemo.DemoTest1">
        <test-method signature="m1()[pri:0, instance:JenkinsDemo.DemoTest1@37654521]" started-at="2023-01-10T12:31:06 IST" name="m1" finished-at="2023-01-10T12:31:06 IST" duration-ms="1" status="PASS">
          <reporter-output>
            <line>
              <![CDATA[hello]]>
            </line>
          </reporter-output>
        </test-method> <!-- m1 -->
      </class> <!-- JenkinsDemo.DemoTest1 -->
    </test> <!-- Test -->
  </suite> <!-- Suite -->
</testng-results>
