<?xml version="1.0" encoding="UTF-8"?>
<testng-results ignored="0" total="3" passed="3" failed="0" skipped="0">
  <reporter-output>
    <line>
      <![CDATA[hieeeeee]]>
    </line>
    <line>
      <![CDATA[m2 running]]>
    </line>
    <line>
      <![CDATA[hello]]>
    </line>
  </reporter-output>
  <suite started-at="2023-01-10T13:58:27 IST" name="Suite" finished-at="2023-01-10T13:58:27 IST" duration-ms="166">
    <groups>
    </groups>
    <test started-at="2023-01-10T13:58:27 IST" name="Test" finished-at="2023-01-10T13:58:27 IST" duration-ms="166">
      <class name="Demo.DemoTest3">
        <test-method signature="m3()[pri:0, instance:Demo.DemoTest3@4d465b11]" started-at="2023-01-10T13:58:27 IST" name="m3" finished-at="2023-01-10T13:58:27 IST" duration-ms="27" status="PASS">
          <reporter-output>
            <line>
              <![CDATA[hieeeeee]]>
            </line>
          </reporter-output>
        </test-method> <!-- m3 -->
      </class> <!-- Demo.DemoTest3 -->
      <class name="Demo.DemoTest2">
        <test-method signature="m2()[pri:0, instance:Demo.DemoTest2@6cd28fa7]" started-at="2023-01-10T13:58:27 IST" name="m2" finished-at="2023-01-10T13:58:27 IST" duration-ms="5" status="PASS">
          <reporter-output>
            <line>
              <![CDATA[m2 running]]>
            </line>
          </reporter-output>
        </test-method> <!-- m2 -->
      </class> <!-- Demo.DemoTest2 -->
      <class name="Demo.DemoTest1">
        <test-method signature="m1()[pri:0, instance:Demo.DemoTest1@614ca7df]" started-at="2023-01-10T13:58:27 IST" name="m1" finished-at="2023-01-10T13:58:27 IST" duration-ms="4" status="PASS">
          <reporter-output>
            <line>
              <![CDATA[hello]]>
            </line>
          </reporter-output>
        </test-method> <!-- m1 -->
      </class> <!-- Demo.DemoTest1 -->
    </test> <!-- Test -->
  </suite> <!-- Suite -->
</testng-results>
